# JRE version: Java(TM) SE Runtime Environment (8.0_181-b13) (build 1.8.0_181-b13)
# Java VM: Java HotSpot(TM) 64-Bit Server VM (25.181-b13 mixed mode linux-amd64 compressed oops)
Heap:
 PSYoungGen      total 267776K, used 13803K [0x00000000d6f80000, 0x00000000e8280000, 0x0000000100000000)
  eden space 253952K, 0% used [0x00000000d6f80000,0x00000000d6f80000,0x00000000e6780000)
  from space 13824K, 99% used [0x00000000e6780000,0x00000000e74fae40,0x00000000e7500000)
  to   space 13312K, 0% used [0x00000000e7580000,0x00000000e7580000,0x00000000e8280000)
 ParOldGen       total 71680K, used 29979K [0x0000000084e00000, 0x0000000089400000, 0x00000000d6f80000)
  object space 71680K, 41% used [0x0000000084e00000,0x0000000086b46c90,0x0000000089400000)
 Metaspace       used 27105K, capacity 27582K, committed 27696K, reserved 1073152K
  class space    used 3519K, capacity 3616K, committed 3632K, reserved 1048576K
GC Heap History (10 events):
Event: 1,910 GC heap after
Heap after GC invocations=3 (full 0):
 PSYoungGen      total 68608K, used 5090K [0x00000000d6f80000, 0x00000000df580000, 0x0000000100000000)
  eden space 63488K, 0% used [0x00000000d6f80000,0x00000000d6f80000,0x00000000dad80000)
  from space 5120K, 99% used [0x00000000dad80000,0x00000000db278900,0x00000000db280000)
  to   space 5120K, 0% used [0x00000000df080000,0x00000000df080000,0x00000000df580000)
 ParOldGen       total 84992K, used 7251K [0x0000000084e00000, 0x000000008a100000, 0x00000000d6f80000)
  object space 84992K, 8% used [0x0000000084e00000,0x0000000085514e68,0x000000008a100000)
 Metaspace       used 17749K, capacity 18154K, committed 18304K, reserved 1064960K
  class space    used 2249K, capacity 2371K, committed 2432K, reserved 1048576K
}
Event: 2,538 GC heap before
{Heap before GC invocations=4 (full 0):
 PSYoungGen      total 68608K, used 68578K [0x00000000d6f80000, 0x00000000df580000, 0x0000000100000000)
  eden space 63488K, 100% used [0x00000000d6f80000,0x00000000dad80000,0x00000000dad80000)
  from space 5120K, 99% used [0x00000000dad80000,0x00000000db278900,0x00000000db280000)
  to   space 5120K, 0% used [0x00000000df080000,0x00000000df080000,0x00000000df580000)
 ParOldGen       total 84992K, used 7251K [0x0000000084e00000, 0x000000008a100000, 0x00000000d6f80000)
  object space 84992K, 8% used [0x0000000084e00000,0x0000000085514e68,0x000000008a100000)
 Metaspace       used 18853K, capacity 19306K, committed 19456K, reserved 1067008K
  class space    used 2395K, capacity 2491K, committed 2560K, reserved 1048576K
Event: 2,552 GC heap after
Heap after GC invocations=4 (full 0):
 PSYoungGen      total 132096K, used 5104K [0x00000000d6f80000, 0x00000000df580000, 0x0000000100000000)
  eden space 126976K, 0% used [0x00000000d6f80000,0x00000000d6f80000,0x00000000deb80000)
  from space 5120K, 99% used [0x00000000df080000,0x00000000df57c030,0x00000000df580000)
  to   space 5120K, 0% used [0x00000000deb80000,0x00000000deb80000,0x00000000df080000)
 ParOldGen       total 84992K, used 9599K [0x0000000084e00000, 0x000000008a100000, 0x00000000d6f80000)
  object space 84992K, 11% used [0x0000000084e00000,0x000000008575fdd8,0x000000008a100000)
 Metaspace       used 18853K, capacity 19306K, committed 19456K, reserved 1067008K
  class space    used 2395K, capacity 2491K, committed 2560K, reserved 1048576K
}
Event: 3,743 GC heap before
{Heap before GC invocations=5 (full 0):
 PSYoungGen      total 132096K, used 132080K [0x00000000d6f80000, 0x00000000df580000, 0x0000000100000000)
  eden space 126976K, 100% used [0x00000000d6f80000,0x00000000deb80000,0x00000000deb80000)
  from space 5120K, 99% used [0x00000000df080000,0x00000000df57c030,0x00000000df580000)
  to   space 5120K, 0% used [0x00000000deb80000,0x00000000deb80000,0x00000000df080000)
 ParOldGen       total 84992K, used 9599K [0x0000000084e00000, 0x000000008a100000, 0x00000000d6f80000)
  object space 84992K, 11% used [0x0000000084e00000,0x000000008575fdd8,0x000000008a100000)
 Metaspace       used 20614K, capacity 21044K, committed 21248K, reserved 1067008K
  class space    used 2689K, capacity 2786K, committed 2816K, reserved 1048576K
Event: 3,767 GC heap after
Heap after GC invocations=5 (full 0):
 PSYoungGen      total 132096K, used 5090K [0x00000000d6f80000, 0x00000000e8380000, 0x0000000100000000)
  eden space 126976K, 0% used [0x00000000d6f80000,0x00000000d6f80000,0x00000000deb80000)
  from space 5120K, 99% used [0x00000000deb80000,0x00000000df078900,0x00000000df080000)
  to   space 14336K, 0% used [0x00000000e7580000,0x00000000e7580000,0x00000000e8380000)
 ParOldGen       total 84992K, used 16659K [0x0000000084e00000, 0x000000008a100000, 0x00000000d6f80000)
  object space 84992K, 19% used [0x0000000084e00000,0x0000000085e44f00,0x000000008a100000)
 Metaspace       used 20614K, capacity 21044K, committed 21248K, reserved 1067008K
  class space    used 2689K, capacity 2786K, committed 2816K, reserved 1048576K
}
Event: 4,000 GC heap before
{Heap before GC invocations=6 (full 0):
 PSYoungGen      total 132096K, used 24281K [0x00000000d6f80000, 0x00000000e8380000, 0x0000000100000000)
  eden space 126976K, 15% used [0x00000000d6f80000,0x00000000d823de50,0x00000000deb80000)
  from space 5120K, 99% used [0x00000000deb80000,0x00000000df078900,0x00000000df080000)
  to   space 14336K, 0% used [0x00000000e7580000,0x00000000e7580000,0x00000000e8380000)
 ParOldGen       total 84992K, used 16659K [0x0000000084e00000, 0x000000008a100000, 0x00000000d6f80000)
  object space 84992K, 19% used [0x0000000084e00000,0x0000000085e44f00,0x000000008a100000)
 Metaspace       used 20846K, capacity 21212K, committed 21296K, reserved 1067008K
  class space    used 2729K, capacity 2821K, committed 2864K, reserved 1048576K
Event: 4,011 GC heap after
Heap after GC invocations=6 (full 0):
 PSYoungGen      total 267264K, used 6243K [0x00000000d6f80000, 0x00000000e8280000, 0x0000000100000000)
  eden space 253952K, 0% used [0x00000000d6f80000,0x00000000d6f80000,0x00000000e6780000)
  from space 13312K, 46% used [0x00000000e7580000,0x00000000e7b98d70,0x00000000e8280000)
  to   space 13824K, 0% used [0x00000000e6780000,0x00000000e6780000,0x00000000e7500000)
 ParOldGen       total 84992K, used 16667K [0x0000000084e00000, 0x000000008a100000, 0x00000000d6f80000)
  object space 84992K, 19% used [0x0000000084e00000,0x0000000085e46f00,0x000000008a100000)
 Metaspace       used 20846K, capacity 21212K, committed 21296K, reserved 1067008K
  class space    used 2729K, capacity 2821K, committed 2864K, reserved 1048576K
}
Event: 4,011 GC heap before
{Heap before GC invocations=7 (full 1):
 PSYoungGen      total 267264K, used 6243K [0x00000000d6f80000, 0x00000000e8280000, 0x0000000100000000)
  eden space 253952K, 0% used [0x00000000d6f80000,0x00000000d6f80000,0x00000000e6780000)
  from space 13312K, 46% used [0x00000000e7580000,0x00000000e7b98d70,0x00000000e8280000)
  to   space 13824K, 0% used [0x00000000e6780000,0x00000000e6780000,0x00000000e7500000)
 ParOldGen       total 84992K, used 16667K [0x0000000084e00000, 0x000000008a100000, 0x00000000d6f80000)
  object space 84992K, 19% used [0x0000000084e00000,0x0000000085e46f00,0x000000008a100000)
 Metaspace       used 20846K, capacity 21212K, committed 21296K, reserved 1067008K
  class space    used 2729K, capacity 2821K, committed 2864K, reserved 1048576K
Event: 4,114 GC heap after
Heap after GC invocations=7 (full 1):
 PSYoungGen      total 267264K, used 0K [0x00000000d6f80000, 0x00000000e8280000, 0x0000000100000000)
  eden space 253952K, 0% used [0x00000000d6f80000,0x00000000d6f80000,0x00000000e6780000)
  from space 13312K, 0% used [0x00000000e7580000,0x00000000e7580000,0x00000000e8280000)
  to   space 13824K, 0% used [0x00000000e6780000,0x00000000e6780000,0x00000000e7500000)
 ParOldGen       total 71680K, used 17170K [0x0000000084e00000, 0x0000000089400000, 0x00000000d6f80000)
  object space 71680K, 23% used [0x0000000084e00000,0x0000000085ec4870,0x0000000089400000)
 Metaspace       used 20846K, capacity 21212K, committed 21296K, reserved 1067008K
  class space    used 2729K, capacity 2821K, committed 2864K, reserved 1048576K
}
Event: 5,586 GC heap before
{Heap before GC invocations=8 (full 1):
 PSYoungGen      total 267264K, used 253952K [0x00000000d6f80000, 0x00000000e8280000, 0x0000000100000000)
  eden space 253952K, 100% used [0x00000000d6f80000,0x00000000e6780000,0x00000000e6780000)
  from space 13312K, 0% used [0x00000000e7580000,0x00000000e7580000,0x00000000e8280000)
  to   space 13824K, 0% used [0x00000000e6780000,0x00000000e6780000,0x00000000e7500000)
 ParOldGen       total 71680K, used 17170K [0x0000000084e00000, 0x0000000089400000, 0x00000000d6f80000)
  object space 71680K, 23% used [0x0000000084e00000,0x0000000085ec4870,0x0000000089400000)
 Metaspace       used 27105K, capacity 27582K, committed 27696K, reserved 1073152K
  class space    used 3519K, capacity 3616K, committed 3632K, reserved 1048576K

